
Running via Spring preloader in process 18495
Running via Spring preloader in process 18633
Running via Spring preloader in process 18782
Running via Spring preloader in process 18925
Running via Spring preloader in process 19156
/home/david/.rvm/gems/ruby-2.2.3/gems/redis-3.3.1/lib/redis/client.rb:345:in `rescue in establish_connection': Error connecting to Redis on 127.0.0.1:6379 (Errno::ECONNREFUSED) (Redis::CannotConnectError)
	from /home/david/.rvm/gems/ruby-2.2.3/gems/redis-3.3.1/lib/redis/client.rb:331:in `establish_connection'
	from /home/david/.rvm/gems/ruby-2.2.3/gems/redis-3.3.1/lib/redis/client.rb:101:in `block in connect'
	from /home/david/.rvm/gems/ruby-2.2.3/gems/redis-3.3.1/lib/redis/client.rb:293:in `with_reconnect'
	from /home/david/.rvm/gems/ruby-2.2.3/gems/redis-3.3.1/lib/redis/client.rb:100:in `connect'
	from /home/david/.rvm/gems/ruby-2.2.3/gems/redis-3.3.1/lib/redis/client.rb:364:in `ensure_connected'
	from /home/david/.rvm/gems/ruby-2.2.3/gems/redis-3.3.1/lib/redis/client.rb:221:in `block in process'
	from /home/david/.rvm/gems/ruby-2.2.3/gems/redis-3.3.1/lib/redis/client.rb:306:in `logging'
	from /home/david/.rvm/gems/ruby-2.2.3/gems/redis-3.3.1/lib/redis/client.rb:220:in `process'
	from /home/david/.rvm/gems/ruby-2.2.3/gems/redis-3.3.1/lib/redis/client.rb:187:in `call_pipelined'
	from /home/david/.rvm/gems/ruby-2.2.3/gems/redis-3.3.1/lib/redis/client.rb:157:in `block in call_pipeline'
	from /home/david/.rvm/gems/ruby-2.2.3/gems/redis-3.3.1/lib/redis/client.rb:293:in `with_reconnect'
	from /home/david/.rvm/gems/ruby-2.2.3/gems/redis-3.3.1/lib/redis/client.rb:155:in `call_pipeline'
	from /home/david/.rvm/gems/ruby-2.2.3/gems/redis-3.3.1/lib/redis.rb:2253:in `block in pipelined'
	from /home/david/.rvm/gems/ruby-2.2.3/gems/redis-3.3.1/lib/redis.rb:58:in `block in synchronize'
	from /home/david/.rvm/rubies/ruby-2.2.3/lib/ruby/2.2.0/monitor.rb:211:in `mon_synchronize'
	from /home/david/.rvm/gems/ruby-2.2.3/gems/redis-3.3.1/lib/redis.rb:58:in `synchronize'
	from /home/david/.rvm/gems/ruby-2.2.3/gems/redis-3.3.1/lib/redis.rb:2249:in `pipelined'
	from /home/david/.rvm/gems/ruby-2.2.3/gems/redis-namespace-1.5.2/lib/redis/namespace.rb:414:in `namespaced_block'
	from /home/david/.rvm/gems/ruby-2.2.3/gems/redis-namespace-1.5.2/lib/redis/namespace.rb:266:in `pipelined'
	from /home/david/.rvm/gems/ruby-2.2.3/gems/resque-1.26.0/lib/resque.rb:268:in `push'
	from /home/david/.rvm/gems/ruby-2.2.3/gems/resque-1.26.0/lib/resque/job.rb:90:in `create'
	from /home/david/.rvm/gems/ruby-2.2.3/gems/resque-1.26.0/lib/resque.rb:371:in `enqueue_to'
	from /home/david/.rvm/gems/ruby-2.2.3/gems/activejob-4.2.5/lib/active_job/queue_adapters/resque_adapter.rb:31:in `enqueue'
	from /home/david/.rvm/gems/ruby-2.2.3/gems/activejob-4.2.5/lib/active_job/enqueuing.rb:71:in `block in enqueue'
	from /home/david/.rvm/gems/ruby-2.2.3/gems/activesupport-4.2.5/lib/active_support/callbacks.rb:117:in `call'
	from /home/david/.rvm/gems/ruby-2.2.3/gems/activesupport-4.2.5/lib/active_support/callbacks.rb:117:in `call'
	from /home/david/.rvm/gems/ruby-2.2.3/gems/activesupport-4.2.5/lib/active_support/callbacks.rb:555:in `block (2 levels) in compile'
	from /home/david/.rvm/gems/ruby-2.2.3/gems/activesupport-4.2.5/lib/active_support/callbacks.rb:505:in `call'
	from /home/david/.rvm/gems/ruby-2.2.3/gems/activesupport-4.2.5/lib/active_support/callbacks.rb:505:in `call'
	from /home/david/.rvm/gems/ruby-2.2.3/gems/activesupport-4.2.5/lib/active_support/callbacks.rb:498:in `block (2 levels) in around'
	from /home/david/.rvm/gems/ruby-2.2.3/gems/activesupport-4.2.5/lib/active_support/callbacks.rb:343:in `call'
	from /home/david/.rvm/gems/ruby-2.2.3/gems/activesupport-4.2.5/lib/active_support/callbacks.rb:343:in `block (2 levels) in simple'
	from /home/david/.rvm/gems/ruby-2.2.3/gems/activejob-4.2.5/lib/active_job/logging.rb:14:in `call'
	from /home/david/.rvm/gems/ruby-2.2.3/gems/activejob-4.2.5/lib/active_job/logging.rb:14:in `block (3 levels) in <module:Logging>'
	from /home/david/.rvm/gems/ruby-2.2.3/gems/activejob-4.2.5/lib/active_job/logging.rb:43:in `block in tag_logger'
	from /home/david/.rvm/gems/ruby-2.2.3/gems/activesupport-4.2.5/lib/active_support/tagged_logging.rb:68:in `block in tagged'
	from /home/david/.rvm/gems/ruby-2.2.3/gems/activesupport-4.2.5/lib/active_support/tagged_logging.rb:26:in `tagged'
	from /home/david/.rvm/gems/ruby-2.2.3/gems/activesupport-4.2.5/lib/active_support/tagged_logging.rb:68:in `tagged'
	from /home/david/.rvm/gems/ruby-2.2.3/gems/activejob-4.2.5/lib/active_job/logging.rb:43:in `tag_logger'
	from /home/david/.rvm/gems/ruby-2.2.3/gems/activejob-4.2.5/lib/active_job/logging.rb:13:in `block (2 levels) in <module:Logging>'
	from /home/david/.rvm/gems/ruby-2.2.3/gems/activesupport-4.2.5/lib/active_support/callbacks.rb:441:in `instance_exec'
	from /home/david/.rvm/gems/ruby-2.2.3/gems/activesupport-4.2.5/lib/active_support/callbacks.rb:441:in `block in make_lambda'
	from /home/david/.rvm/gems/ruby-2.2.3/gems/activesupport-4.2.5/lib/active_support/callbacks.rb:342:in `call'
	from /home/david/.rvm/gems/ruby-2.2.3/gems/activesupport-4.2.5/lib/active_support/callbacks.rb:342:in `block in simple'
	from /home/david/.rvm/gems/ruby-2.2.3/gems/activesupport-4.2.5/lib/active_support/callbacks.rb:497:in `call'
	from /home/david/.rvm/gems/ruby-2.2.3/gems/activesupport-4.2.5/lib/active_support/callbacks.rb:497:in `block in around'
	from /home/david/.rvm/gems/ruby-2.2.3/gems/activesupport-4.2.5/lib/active_support/callbacks.rb:505:in `call'
	from /home/david/.rvm/gems/ruby-2.2.3/gems/activesupport-4.2.5/lib/active_support/callbacks.rb:505:in `call'
	from /home/david/.rvm/gems/ruby-2.2.3/gems/activesupport-4.2.5/lib/active_support/callbacks.rb:92:in `__run_callbacks__'
	from /home/david/.rvm/gems/ruby-2.2.3/gems/activesupport-4.2.5/lib/active_support/callbacks.rb:778:in `_run_enqueue_callbacks'
	from /home/david/.rvm/gems/ruby-2.2.3/gems/activesupport-4.2.5/lib/active_support/callbacks.rb:81:in `run_callbacks'
	from /home/david/.rvm/gems/ruby-2.2.3/gems/activejob-4.2.5/lib/active_job/enqueuing.rb:67:in `enqueue'
	from /home/david/.rvm/gems/ruby-2.2.3/gems/activejob-4.2.5/lib/active_job/enqueuing.rb:17:in `perform_later'
	from /home/david/Projects/Dpool/app/models/task.rb:7:in `active_job'
	from /home/david/.rvm/gems/ruby-2.2.3/gems/railties-4.2.5/lib/rails/commands/runner.rb:62:in `<top (required)>'
	from /home/david/.rvm/gems/ruby-2.2.3/gems/railties-4.2.5/lib/rails/commands/runner.rb:62:in `eval'
	from /home/david/.rvm/gems/ruby-2.2.3/gems/railties-4.2.5/lib/rails/commands/runner.rb:62:in `<top (required)>'
	from /home/david/.rvm/gems/ruby-2.2.3/gems/activesupport-4.2.5/lib/active_support/dependencies.rb:274:in `require'
	from /home/david/.rvm/gems/ruby-2.2.3/gems/activesupport-4.2.5/lib/active_support/dependencies.rb:274:in `block in require'
	from /home/david/.rvm/gems/ruby-2.2.3/gems/activesupport-4.2.5/lib/active_support/dependencies.rb:240:in `load_dependency'
	from /home/david/.rvm/gems/ruby-2.2.3/gems/activesupport-4.2.5/lib/active_support/dependencies.rb:274:in `require'
	from /home/david/.rvm/gems/ruby-2.2.3/gems/railties-4.2.5/lib/rails/commands/commands_tasks.rb:123:in `require_command!'
	from /home/david/.rvm/gems/ruby-2.2.3/gems/railties-4.2.5/lib/rails/commands/commands_tasks.rb:90:in `runner'
	from /home/david/.rvm/gems/ruby-2.2.3/gems/railties-4.2.5/lib/rails/commands/commands_tasks.rb:39:in `run_command!'
	from /home/david/.rvm/gems/ruby-2.2.3/gems/railties-4.2.5/lib/rails/commands.rb:17:in `<top (required)>'
	from /home/david/.rvm/gems/ruby-2.2.3/gems/activesupport-4.2.5/lib/active_support/dependencies.rb:274:in `require'
	from /home/david/.rvm/gems/ruby-2.2.3/gems/activesupport-4.2.5/lib/active_support/dependencies.rb:274:in `block in require'
	from /home/david/.rvm/gems/ruby-2.2.3/gems/activesupport-4.2.5/lib/active_support/dependencies.rb:240:in `load_dependency'
	from /home/david/.rvm/gems/ruby-2.2.3/gems/activesupport-4.2.5/lib/active_support/dependencies.rb:274:in `require'
	from /home/david/Projects/Dpool/bin/rails:9:in `<top (required)>'
	from /home/david/.rvm/gems/ruby-2.2.3/gems/activesupport-4.2.5/lib/active_support/dependencies.rb:268:in `load'
	from /home/david/.rvm/gems/ruby-2.2.3/gems/activesupport-4.2.5/lib/active_support/dependencies.rb:268:in `block in load'
	from /home/david/.rvm/gems/ruby-2.2.3/gems/activesupport-4.2.5/lib/active_support/dependencies.rb:240:in `load_dependency'
	from /home/david/.rvm/gems/ruby-2.2.3/gems/activesupport-4.2.5/lib/active_support/dependencies.rb:268:in `load'
	from /home/david/.rvm/rubies/ruby-2.2.3/lib/ruby/site_ruby/2.2.0/rubygems/core_ext/kernel_require.rb:54:in `require'
	from /home/david/.rvm/rubies/ruby-2.2.3/lib/ruby/site_ruby/2.2.0/rubygems/core_ext/kernel_require.rb:54:in `require'
	from -e:1:in `<main>'
Running via Spring preloader in process 19339
/home/david/.rvm/gems/ruby-2.2.3/gems/redis-3.3.1/lib/redis/client.rb:345:in `rescue in establish_connection': Error connecting to Redis on 127.0.0.1:6379 (Errno::ECONNREFUSED) (Redis::CannotConnectError)
	from /home/david/.rvm/gems/ruby-2.2.3/gems/redis-3.3.1/lib/redis/client.rb:331:in `establish_connection'
	from /home/david/.rvm/gems/ruby-2.2.3/gems/redis-3.3.1/lib/redis/client.rb:101:in `block in connect'
	from /home/david/.rvm/gems/ruby-2.2.3/gems/redis-3.3.1/lib/redis/client.rb:293:in `with_reconnect'
	from /home/david/.rvm/gems/ruby-2.2.3/gems/redis-3.3.1/lib/redis/client.rb:100:in `connect'
	from /home/david/.rvm/gems/ruby-2.2.3/gems/redis-3.3.1/lib/redis/client.rb:364:in `ensure_connected'
	from /home/david/.rvm/gems/ruby-2.2.3/gems/redis-3.3.1/lib/redis/client.rb:221:in `block in process'
	from /home/david/.rvm/gems/ruby-2.2.3/gems/redis-3.3.1/lib/redis/client.rb:306:in `logging'
	from /home/david/.rvm/gems/ruby-2.2.3/gems/redis-3.3.1/lib/redis/client.rb:220:in `process'
	from /home/david/.rvm/gems/ruby-2.2.3/gems/redis-3.3.1/lib/redis/client.rb:187:in `call_pipelined'
	from /home/david/.rvm/gems/ruby-2.2.3/gems/redis-3.3.1/lib/redis/client.rb:157:in `block in call_pipeline'
	from /home/david/.rvm/gems/ruby-2.2.3/gems/redis-3.3.1/lib/redis/client.rb:293:in `with_reconnect'
	from /home/david/.rvm/gems/ruby-2.2.3/gems/redis-3.3.1/lib/redis/client.rb:155:in `call_pipeline'
	from /home/david/.rvm/gems/ruby-2.2.3/gems/redis-3.3.1/lib/redis.rb:2253:in `block in pipelined'
	from /home/david/.rvm/gems/ruby-2.2.3/gems/redis-3.3.1/lib/redis.rb:58:in `block in synchronize'
	from /home/david/.rvm/rubies/ruby-2.2.3/lib/ruby/2.2.0/monitor.rb:211:in `mon_synchronize'
	from /home/david/.rvm/gems/ruby-2.2.3/gems/redis-3.3.1/lib/redis.rb:58:in `synchronize'
	from /home/david/.rvm/gems/ruby-2.2.3/gems/redis-3.3.1/lib/redis.rb:2249:in `pipelined'
	from /home/david/.rvm/gems/ruby-2.2.3/gems/redis-namespace-1.5.2/lib/redis/namespace.rb:414:in `namespaced_block'
	from /home/david/.rvm/gems/ruby-2.2.3/gems/redis-namespace-1.5.2/lib/redis/namespace.rb:266:in `pipelined'
	from /home/david/.rvm/gems/ruby-2.2.3/gems/resque-1.26.0/lib/resque.rb:268:in `push'
	from /home/david/.rvm/gems/ruby-2.2.3/gems/resque-1.26.0/lib/resque/job.rb:90:in `create'
	from /home/david/.rvm/gems/ruby-2.2.3/gems/resque-1.26.0/lib/resque.rb:371:in `enqueue_to'
	from /home/david/.rvm/gems/ruby-2.2.3/gems/activejob-4.2.5/lib/active_job/queue_adapters/resque_adapter.rb:31:in `enqueue'
	from /home/david/.rvm/gems/ruby-2.2.3/gems/activejob-4.2.5/lib/active_job/enqueuing.rb:71:in `block in enqueue'
	from /home/david/.rvm/gems/ruby-2.2.3/gems/activesupport-4.2.5/lib/active_support/callbacks.rb:117:in `call'
	from /home/david/.rvm/gems/ruby-2.2.3/gems/activesupport-4.2.5/lib/active_support/callbacks.rb:117:in `call'
	from /home/david/.rvm/gems/ruby-2.2.3/gems/activesupport-4.2.5/lib/active_support/callbacks.rb:555:in `block (2 levels) in compile'
	from /home/david/.rvm/gems/ruby-2.2.3/gems/activesupport-4.2.5/lib/active_support/callbacks.rb:505:in `call'
	from /home/david/.rvm/gems/ruby-2.2.3/gems/activesupport-4.2.5/lib/active_support/callbacks.rb:505:in `call'
	from /home/david/.rvm/gems/ruby-2.2.3/gems/activesupport-4.2.5/lib/active_support/callbacks.rb:498:in `block (2 levels) in around'
	from /home/david/.rvm/gems/ruby-2.2.3/gems/activesupport-4.2.5/lib/active_support/callbacks.rb:343:in `call'
	from /home/david/.rvm/gems/ruby-2.2.3/gems/activesupport-4.2.5/lib/active_support/callbacks.rb:343:in `block (2 levels) in simple'
	from /home/david/.rvm/gems/ruby-2.2.3/gems/activejob-4.2.5/lib/active_job/logging.rb:14:in `call'
	from /home/david/.rvm/gems/ruby-2.2.3/gems/activejob-4.2.5/lib/active_job/logging.rb:14:in `block (3 levels) in <module:Logging>'
	from /home/david/.rvm/gems/ruby-2.2.3/gems/activejob-4.2.5/lib/active_job/logging.rb:43:in `block in tag_logger'
	from /home/david/.rvm/gems/ruby-2.2.3/gems/activesupport-4.2.5/lib/active_support/tagged_logging.rb:68:in `block in tagged'
	from /home/david/.rvm/gems/ruby-2.2.3/gems/activesupport-4.2.5/lib/active_support/tagged_logging.rb:26:in `tagged'
	from /home/david/.rvm/gems/ruby-2.2.3/gems/activesupport-4.2.5/lib/active_support/tagged_logging.rb:68:in `tagged'
	from /home/david/.rvm/gems/ruby-2.2.3/gems/activejob-4.2.5/lib/active_job/logging.rb:43:in `tag_logger'
	from /home/david/.rvm/gems/ruby-2.2.3/gems/activejob-4.2.5/lib/active_job/logging.rb:13:in `block (2 levels) in <module:Logging>'
	from /home/david/.rvm/gems/ruby-2.2.3/gems/activesupport-4.2.5/lib/active_support/callbacks.rb:441:in `instance_exec'
	from /home/david/.rvm/gems/ruby-2.2.3/gems/activesupport-4.2.5/lib/active_support/callbacks.rb:441:in `block in make_lambda'
	from /home/david/.rvm/gems/ruby-2.2.3/gems/activesupport-4.2.5/lib/active_support/callbacks.rb:342:in `call'
	from /home/david/.rvm/gems/ruby-2.2.3/gems/activesupport-4.2.5/lib/active_support/callbacks.rb:342:in `block in simple'
	from /home/david/.rvm/gems/ruby-2.2.3/gems/activesupport-4.2.5/lib/active_support/callbacks.rb:497:in `call'
	from /home/david/.rvm/gems/ruby-2.2.3/gems/activesupport-4.2.5/lib/active_support/callbacks.rb:497:in `block in around'
	from /home/david/.rvm/gems/ruby-2.2.3/gems/activesupport-4.2.5/lib/active_support/callbacks.rb:505:in `call'
	from /home/david/.rvm/gems/ruby-2.2.3/gems/activesupport-4.2.5/lib/active_support/callbacks.rb:505:in `call'
	from /home/david/.rvm/gems/ruby-2.2.3/gems/activesupport-4.2.5/lib/active_support/callbacks.rb:92:in `__run_callbacks__'
	from /home/david/.rvm/gems/ruby-2.2.3/gems/activesupport-4.2.5/lib/active_support/callbacks.rb:778:in `_run_enqueue_callbacks'
	from /home/david/.rvm/gems/ruby-2.2.3/gems/activesupport-4.2.5/lib/active_support/callbacks.rb:81:in `run_callbacks'
	from /home/david/.rvm/gems/ruby-2.2.3/gems/activejob-4.2.5/lib/active_job/enqueuing.rb:67:in `enqueue'
	from /home/david/.rvm/gems/ruby-2.2.3/gems/activejob-4.2.5/lib/active_job/enqueuing.rb:17:in `perform_later'
	from /home/david/Projects/Dpool/app/models/task.rb:7:in `active_job'
	from /home/david/.rvm/gems/ruby-2.2.3/gems/railties-4.2.5/lib/rails/commands/runner.rb:62:in `<top (required)>'
	from /home/david/.rvm/gems/ruby-2.2.3/gems/railties-4.2.5/lib/rails/commands/runner.rb:62:in `eval'
	from /home/david/.rvm/gems/ruby-2.2.3/gems/railties-4.2.5/lib/rails/commands/runner.rb:62:in `<top (required)>'
	from /home/david/.rvm/gems/ruby-2.2.3/gems/activesupport-4.2.5/lib/active_support/dependencies.rb:274:in `require'
	from /home/david/.rvm/gems/ruby-2.2.3/gems/activesupport-4.2.5/lib/active_support/dependencies.rb:274:in `block in require'
	from /home/david/.rvm/gems/ruby-2.2.3/gems/activesupport-4.2.5/lib/active_support/dependencies.rb:240:in `load_dependency'
	from /home/david/.rvm/gems/ruby-2.2.3/gems/activesupport-4.2.5/lib/active_support/dependencies.rb:274:in `require'
	from /home/david/.rvm/gems/ruby-2.2.3/gems/railties-4.2.5/lib/rails/commands/commands_tasks.rb:123:in `require_command!'
	from /home/david/.rvm/gems/ruby-2.2.3/gems/railties-4.2.5/lib/rails/commands/commands_tasks.rb:90:in `runner'
	from /home/david/.rvm/gems/ruby-2.2.3/gems/railties-4.2.5/lib/rails/commands/commands_tasks.rb:39:in `run_command!'
	from /home/david/.rvm/gems/ruby-2.2.3/gems/railties-4.2.5/lib/rails/commands.rb:17:in `<top (required)>'
	from /home/david/.rvm/gems/ruby-2.2.3/gems/activesupport-4.2.5/lib/active_support/dependencies.rb:274:in `require'
	from /home/david/.rvm/gems/ruby-2.2.3/gems/activesupport-4.2.5/lib/active_support/dependencies.rb:274:in `block in require'
	from /home/david/.rvm/gems/ruby-2.2.3/gems/activesupport-4.2.5/lib/active_support/dependencies.rb:240:in `load_dependency'
	from /home/david/.rvm/gems/ruby-2.2.3/gems/activesupport-4.2.5/lib/active_support/dependencies.rb:274:in `require'
	from /home/david/Projects/Dpool/bin/rails:9:in `<top (required)>'
	from /home/david/.rvm/gems/ruby-2.2.3/gems/activesupport-4.2.5/lib/active_support/dependencies.rb:268:in `load'
	from /home/david/.rvm/gems/ruby-2.2.3/gems/activesupport-4.2.5/lib/active_support/dependencies.rb:268:in `block in load'
	from /home/david/.rvm/gems/ruby-2.2.3/gems/activesupport-4.2.5/lib/active_support/dependencies.rb:240:in `load_dependency'
	from /home/david/.rvm/gems/ruby-2.2.3/gems/activesupport-4.2.5/lib/active_support/dependencies.rb:268:in `load'
	from /home/david/.rvm/rubies/ruby-2.2.3/lib/ruby/site_ruby/2.2.0/rubygems/core_ext/kernel_require.rb:54:in `require'
	from /home/david/.rvm/rubies/ruby-2.2.3/lib/ruby/site_ruby/2.2.0/rubygems/core_ext/kernel_require.rb:54:in `require'
	from -e:1:in `<main>'
Running via Spring preloader in process 19490
Running via Spring preloader in process 19635
Running via Spring preloader in process 19772
Running via Spring preloader in process 19908
Running via Spring preloader in process 20052
Running via Spring preloader in process 20187
Running via Spring preloader in process 20357
Running via Spring preloader in process 20494
Running via Spring preloader in process 20633
Running via Spring preloader in process 20772
Running via Spring preloader in process 20909
Running via Spring preloader in process 21049
Running via Spring preloader in process 21194
Running via Spring preloader in process 21327
Running via Spring preloader in process 21472
Running via Spring preloader in process 21604
Running via Spring preloader in process 21749
Running via Spring preloader in process 21891
Running via Spring preloader in process 22082
